libtool: compile:  gcc -I. -I/home/php-zephir/zephir_study/vof/ext -DPHP_ATOM_INC -I/home/php-zephir/zephir_study/vof/ext/include -I/home/php-zephir/zephir_study/vof/ext/main -I/home/php-zephir/zephir_study/vof/ext -I/usr/include/php/20160303 -I/usr/include/php/20160303/main -I/usr/include/php/20160303/TSRM -I/usr/include/php/20160303/Zend -I/usr/include/php/20160303/ext -I/usr/include/php/20160303/ext/date/lib -DHAVE_CONFIG_H -O2 -fvisibility=hidden -Wparentheses -flto -DZEPHIR_RELEASE=1 -c /home/php-zephir/zephir_study/vof/ext/vof/medoo.zep.c  -fPIC -DPIC -o vof/.libs/medoo.o
libtool: link: rm -fr  .libs/vof.la .libs/vof.lai .libs/vof.so
libtool: link: gcc -shared  -fPIC -DPIC  .libs/vof.o kernel/.libs/main.o kernel/.libs/memory.o kernel/.libs/exception.o kernel/.libs/debug.o kernel/.libs/backtrace.o kernel/.libs/object.o kernel/.libs/array.o kernel/.libs/string.o kernel/.libs/fcall.o kernel/.libs/require.o kernel/.libs/file.o kernel/.libs/operators.o kernel/.libs/math.o kernel/.libs/concat.o kernel/.libs/variables.o kernel/.libs/filter.o kernel/.libs/iterator.o kernel/.libs/time.o kernel/.libs/exit.o vof/cache/.libs/backendinterface.o vof/cache/.libs/backend.o vof/cache/.libs/frontendinterface.o vof/logger/.libs/adapterinterface.o vof/logger/.libs/formatterinterface.o vof/session/.libs/adapterinterface.o vof/logger/.libs/adapter.o vof/logger/.libs/formatter.o vof/session/.libs/adapter.o vof/cache/frontend/.libs/data.o vof/cache/backend/.libs/apc.o vof/cache/backend/.libs/apcu.o vof/cache/backend/.libs/file.o vof/cache/backend/.libs/libmemcached.o vof/cache/backend/.libs/memcache.o vof/cache/backend/.libs/memory.o vof/cache/backend/.libs/mongo.o vof/cache/backend/.libs/redis.o vof/cache/backend/.libs/xcache.o vof/cache/.libs/exception.o vof/cache/frontend/.libs/base64.o vof/cache/frontend/.libs/igbinary.o vof/cache/frontend/.libs/json.o vof/cache/frontend/.libs/msgpack.o vof/cache/frontend/.libs/none.o vof/cache/frontend/.libs/output.o vof/.libs/logger.o vof/logger/adapter/.libs/file.o vof/logger/adapter/.libs/firephp.o vof/logger/adapter/.libs/stream.o vof/logger/adapter/.libs/syslog.o vof/logger/.libs/exception.o vof/logger/formatter/.libs/firephp.o vof/logger/formatter/.libs/json.o vof/logger/formatter/.libs/line.o vof/logger/formatter/.libs/syslog.o vof/.libs/medoo.o vof/security/.libs/exception.o vof/security/.libs/random.o vof/session/adapter/.libs/files.o vof/session/adapter/.libs/libmemcached.o vof/session/adapter/.libs/memcache.o vof/session/adapter/.libs/redis.o vof/session/.libs/exception.o    -O2 -flto   -Wl,-soname -Wl,vof.so -o .libs/vof.so
libtool: link: ( cd ".libs" && rm -f "vof.la" && ln -s "../vof.la" "vof.la" )
libtool: install: cp ./.libs/vof.so /home/php-zephir/zephir_study/vof/ext/modules/vof.so
libtool: install: cp ./.libs/vof.lai /home/php-zephir/zephir_study/vof/ext/modules/vof.la
libtool: finish: PATH="/usr/local/sbin:/usr/local/bin:/usr/sbin:/usr/bin:/sbin:/bin:/usr/games:/usr/local/games:/sbin" ldconfig -n /home/php-zephir/zephir_study/vof/ext/modules
----------------------------------------------------------------------
Libraries have been installed in:
   /home/php-zephir/zephir_study/vof/ext/modules

If you ever happen to want to link against installed libraries
in a given directory, LIBDIR, you must either use libtool, and
specify the full pathname of the library, or use the '-LLIBDIR'
flag during linking and do at least one of the following:
   - add LIBDIR to the 'LD_LIBRARY_PATH' environment variable
     during execution
   - add LIBDIR to the 'LD_RUN_PATH' environment variable
     during linking
   - use the '-Wl,-rpath -Wl,LIBDIR' linker flag
   - have your system administrator add LIBDIR to '/etc/ld.so.conf'

See any operating system documentation about shared libraries for
more information, such as the ld(1) and ld.so(8) manual pages.
----------------------------------------------------------------------

Build complete.
Don't forget to run 'make test'.


Build complete.
Don't forget to run 'make test'.

Installing shared extensions:     /usr/lib/php/20160303/
Installing header files:          /usr/include/php/20160303/
